# JRE version: Java(TM) SE Runtime Environment (10.0.1+10) (build 10.0.1+10)
# Java VM: Java HotSpot(TM) 64-Bit Server VM (10.0.1+10, mixed mode, tiered, compressed oops, g1 gc, bsd-amd64)
Heap:
 garbage-first heap   total 413696K, used 130950K [0x0000000740000000, 0x00000007c0000000)
  region size 1024K, 8 young (8192K), 6 survivors (6144K)
 Metaspace       used 86997K, capacity 88314K, committed 90112K, reserved 1128448K
  class space    used 10677K, capacity 11204K, committed 11776K, reserved 1048576K
GC Heap History (10 events):
Event: 70885.345 GC heap before
{Heap before GC invocations=2898 (full 109):
 garbage-first heap   total 416768K, used 158844K [0x0000000740000000, 0x00000007c0000000)
  region size 1024K, 36 young (36864K), 6 survivors (6144K)
 Metaspace       used 87003K, capacity 88379K, committed 90112K, reserved 1128448K
  class space    used 10683K, capacity 11215K, committed 11776K, reserved 1048576K
}
Event: 70885.517 GC heap after
{Heap after GC invocations=2899 (full 110):
 garbage-first heap   total 413696K, used 122018K [0x0000000740000000, 0x00000007c0000000)
  region size 1024K, 0 young (0K), 0 survivors (0K)
 Metaspace       used 87003K, capacity 88379K, committed 90112K, reserved 1128448K
  class space    used 10683K, capacity 11215K, committed 11776K, reserved 1048576K
}
Event: 71176.984 GC heap before
{Heap before GC invocations=2899 (full 110):
 garbage-first heap   total 413696K, used 326818K [0x0000000740000000, 0x00000007c0000000)
  region size 1024K, 200 young (204800K), 0 survivors (0K)
 Metaspace       used 87006K, capacity 88379K, committed 90112K, reserved 1128448K
  class space    used 10683K, capacity 11215K, committed 11776K, reserved 1048576K
}
Event: 71176.995 GC heap after
{Heap after GC invocations=2900 (full 110):
 garbage-first heap   total 413696K, used 127300K [0x0000000740000000, 0x00000007c0000000)
  region size 1024K, 6 young (6144K), 6 survivors (6144K)
 Metaspace       used 87006K, capacity 88379K, committed 90112K, reserved 1128448K
  class space    used 10683K, capacity 11215K, committed 11776K, reserved 1048576K
}
Event: 74263.886 GC heap before
{Heap before GC invocations=2901 (full 110):
 garbage-first heap   total 413696K, used 329028K [0x0000000740000000, 0x00000007c0000000)
  region size 1024K, 205 young (209920K), 6 survivors (6144K)
 Metaspace       used 87008K, capacity 88380K, committed 90112K, reserved 1128448K
  class space    used 10683K, capacity 11215K, committed 11776K, reserved 1048576K
}
Event: 74263.914 GC heap after
{Heap after GC invocations=2902 (full 110):
 garbage-first heap   total 413696K, used 124720K [0x0000000740000000, 0x00000007c0000000)
  region size 1024K, 5 young (5120K), 5 survivors (5120K)
 Metaspace       used 87008K, capacity 88380K, committed 90112K, reserved 1128448K
  class space    used 10683K, capacity 11215K, committed 11776K, reserved 1048576K
}
Event: 76583.717 GC heap before
{Heap before GC invocations=2902 (full 110):
 garbage-first heap   total 413696K, used 197424K [0x0000000740000000, 0x00000007c0000000)
  region size 1024K, 77 young (78848K), 5 survivors (5120K)
 Metaspace       used 87008K, capacity 88380K, committed 90112K, reserved 1128448K
  class space    used 10683K, capacity 11215K, committed 11776K, reserved 1048576K
}
Event: 76583.723 GC heap after
{Heap after GC invocations=2903 (full 110):
 garbage-first heap   total 413696K, used 121559K [0x0000000740000000, 0x00000007c0000000)
  region size 1024K, 2 young (2048K), 2 survivors (2048K)
 Metaspace       used 87008K, capacity 88380K, committed 90112K, reserved 1128448K
  class space    used 10683K, capacity 11215K, committed 11776K, reserved 1048576K
}
Event: 81567.597 GC heap before
{Heap before GC invocations=2904 (full 110):
 garbage-first heap   total 413696K, used 343767K [0x0000000740000000, 0x00000007c0000000)
  region size 1024K, 218 young (223232K), 2 survivors (2048K)
 Metaspace       used 86997K, capacity 88314K, committed 90112K, reserved 1128448K
  class space    used 10677K, capacity 11204K, committed 11776K, reserved 1048576K
}
Event: 81567.618 GC heap after
{Heap after GC invocations=2905 (full 110):
 garbage-first heap   total 413696K, used 127878K [0x0000000740000000, 0x00000007c0000000)
  region size 1024K, 6 young (6144K), 6 survivors (6144K)
 Metaspace       used 86997K, capacity 88314K, committed 90112K, reserved 1128448K
  class space    used 10677K, capacity 11204K, committed 11776K, reserved 1048576K
}

